Loading db file '/home/mariagrazia.graziano/do/libnangate/NangateOpenCellLibrary_typical_ecsm.db'
Information: Propagating switching activity (low effort zero delay simulation). (PWR-6)
Warning: Design has unannotated primary inputs. (PWR-414)
Warning: Design has unannotated sequential cell outputs. (PWR-415)
Warning: Design has unannotated black box outputs. (PWR-428)
 
****************************************
Report : power
        -analysis_effort low
Design : DLX
Version: S-2021.06-SP4
Date   : Tue Oct 15 22:33:42 2024
****************************************


Library(s) Used:

    NangateOpenCellLibrary (File: /home/mariagrazia.graziano/do/libnangate/NangateOpenCellLibrary_typical_ecsm.db)


Operating Conditions: typical   Library: NangateOpenCellLibrary
Wire Load Model Mode: top

Design        Wire Load Model            Library
------------------------------------------------
DLX                    5K_hvratio_1_4    NangateOpenCellLibrary


Global Operating Voltage = 1.1  
Power-specific unit information :
    Voltage Units = 1V
    Capacitance Units = 1.000000ff
    Time Units = 1ns
    Dynamic Power Units = 1uW    (derived from V,C,T units)
    Leakage Power Units = 1nW


  Cell Internal Power  =  22.0737 mW   (86%)
  Net Switching Power  =   3.5940 mW   (14%)
                         ---------
Total Dynamic Power    =  25.6678 mW  (100%)

Cell Leakage Power     = 274.8364 uW


                 Internal         Switching           Leakage            Total
Power Group      Power            Power               Power              Power   (   %    )  Attrs
--------------------------------------------------------------------------------------------------
io_pad             0.0000            0.0000            0.0000            0.0000  (   0.00%)
memory             0.0000            0.0000            0.0000            0.0000  (   0.00%)
black_box          0.0000            0.0000            0.0000            0.0000  (   0.00%)
clock_network  2.9505e+03        3.2019e+03        1.2090e+05        6.2733e+03  (  24.18%)
register       1.9031e+04           20.1651        1.2312e+05        1.9174e+04  (  73.91%)
sequential         0.0000            0.0000            0.0000            0.0000  (   0.00%)
combinational     92.3720          371.9379        3.0824e+04          495.1347  (   1.91%)
--------------------------------------------------------------------------------------------------
Total          2.2074e+04 uW     3.5940e+03 uW     2.7484e+05 nW     2.5943e+04 uW
1
