Warning: Design 'DLX' has '23' unresolved references. For more detailed information, use the "link" command. (UID-341)
 
****************************************
Report : area
Design : DLX
Version: S-2021.06-SP4
Date   : Tue Oct 15 22:33:39 2024
****************************************

Library(s) Used:

    NangateOpenCellLibrary (File: /home/mariagrazia.graziano/do/libnangate/NangateOpenCellLibrary_typical_ecsm.db)

Number of ports:                         3021
Number of nets:                         11322
Number of cells:                         7021
Number of combinational cells:           4859
Number of sequential cells:              2117
Number of macros/black boxes:               0
Number of buf/inv:                       1083
Number of references:                       2

Combinational area:               6383.999999
Buf/Inv area:                      791.083984
Noncombinational area:            7601.481928
Macro/Black Box area:                0.000000
Net Interconnect area:      undefined  (Wire load has zero net area)

Total cell area:                 13985.481927
Total area:                 undefined
1
