Warning: Design 'DLX' has '23' unresolved references. For more detailed information, use the "link" command. (UID-341)
 
****************************************
Report : timing
        -path full
        -delay max
        -max_paths 1
Design : DLX
Version: S-2021.06-SP4
Date   : Tue Oct 15 22:50:39 2024
****************************************

 # A fanout number of 1000 was used for high fanout net computations.

Operating Conditions: typical   Library: NangateOpenCellLibrary
Wire Load Model Mode: top

  Startpoint: CU_I/cw_FU_DU_reg[11]
              (rising edge-triggered flip-flop clocked by Clk)
  Endpoint: CU_I/aluOpcode1_reg[3]
            (rising edge-triggered flip-flop clocked by Clk)
  Path Group: Clk
  Path Type: max

  Des/Clust/Port     Wire Load Model       Library
  ------------------------------------------------
  DLX                5K_hvratio_1_1        NangateOpenCellLibrary

  Point                                    Incr       Path
  -----------------------------------------------------------
  clock Clk (rise edge)                    0.00       0.00
  clock network delay (ideal)              0.00       0.00
  CU_I/cw_FU_DU_reg[11]/CK (SDFFR_X1)      0.00 #     0.00 r
  CU_I/cw_FU_DU_reg[11]/Q (SDFFR_X1)       0.08       0.08 f
  CU_I/U74/ZN (OR2_X1)                     0.06       0.14 f
  CU_I/U8/ZN (NOR3_X1)                     0.06       0.21 r
  CU_I/U97/ZN (OAI211_X1)                  0.04       0.25 f
  CU_I/U82/ZN (INV_X1)                     0.04       0.29 r
  CU_I/U96/ZN (OAI221_X1)                  0.05       0.33 f
  CU_I/aluOpcode1_reg[3]/D (DFFS_X1)       0.01       0.34 f
  data arrival time                                   0.34

  clock Clk (rise edge)                    0.40       0.40
  clock network delay (ideal)              0.00       0.40
  CU_I/aluOpcode1_reg[3]/CK (DFFS_X1)      0.00       0.40 r
  library setup time                      -0.04       0.36
  data required time                                  0.36
  -----------------------------------------------------------
  data required time                                  0.36
  data arrival time                                  -0.34
  -----------------------------------------------------------
  slack (MET)                                         0.01


1
