
Cadence Innovus(TM) Implementation System.
Copyright 2020 Cadence Design Systems, Inc. All rights reserved worldwide.

Version:	v20.11-s130_1, built Wed Aug 5 15:53:11 PDT 2020
Options:	
Date:		Tue Oct 15 23:02:06 2024
Host:		localhost.localdomain (x86_64 w/Linux 3.10.0-1062.12.1.el7.x86_64) (10cores*10cpus*QEMU Virtual CPU version 2.5+ 16384KB)
OS:		CentOS Linux release 7.7.1908 (Core)

License:
		invs	Innovus Implementation System	20.1	checkout succeeded
		8 CPU jobs allowed with the current license(s). Use setMultiCpuUsage to set your required CPU count.
Change the soft stacksize limit to 0.2%RAM (64 mbytes). Set global soft_stack_size_limit to change the value.

**INFO:  MMMC transition support version v31-84 

<CMD> set_global _enable_mmmc_by_default_flow      $CTE::mmmc_default
<CMD> suppressMessage ENCEXT-2799
<CMD> win
<CMD> set defHierChar /
Set Default Input Pin Transition as 0.1 ps.
<CMD> set delaycal_input_transition_delay 0.1ps
<CMD> set fpIsMaxIoHeight 0
<CMD> set init_gnd_net gnd
<CMD> set init_mmmc_file Default.view
<CMD> set init_oa_search_lib {}
<CMD> set init_pwr_net vdd
<CMD> set init_verilog dlx.v
<CMD> set init_lef_file /eda/dk/nangate45/lef/NangateOpenCellLibrary.lef
<CMD> init_design
#% Begin Load MMMC data ... (date=10/15 23:03:30, mem=612.1M)
#% End Load MMMC data ... (date=10/15 23:03:30, total cpu=0:00:00.1, real=0:00:00.0, peak res=612.3M, current mem=612.3M)
high standard low

Loading LEF file /eda/dk/nangate45/lef/NangateOpenCellLibrary.lef ...
Set DBUPerIGU to M2 pitch 380.

viaInitial starts at Tue Oct 15 23:03:31 2024
viaInitial ends at Tue Oct 15 23:03:31 2024

##  Check design process and node:  
##  Both design process and tech node are not set.

Loading view definition file from Default.view
Reading libsTYP timing library '/eda/dk/nangate45/liberty/NangateOpenCellLibrary_typical_ecsm_nowlm.lib' ...
**ERROR: (TECHLIB-1346):	The attribute 'index_1' defined in group 'ecsm_waveform' on line 393863 is not monotonically increasing for values '0.000041' to '0.000037'. This may lead to undesirable analysis results. The attribute will be ignored. (File /eda/dk/nangate45/liberty/NangateOpenCellLibrary_typical_ecsm_nowlm.lib)
**ERROR: (TECHLIB-1256):	The ecsm_waveform group 1 is being ignored due to errors in this group. This group will be excluded for any further library checks. Refer to the previous messages issued for ecsm_waveform group 1 to find the details of the issues in this group. (File /eda/dk/nangate45/liberty/NangateOpenCellLibrary_typical_ecsm_nowlm.lib, Line 393862)
**ERROR: (TECHLIB-420):	Number of ecsm_waveforms in the 'rise_transition' table on pin ZN of cell OAI222_X2 does not match the number of transition table axis points specified in the template 'Timing_7_7'. Ignoring waveform data. (File /eda/dk/nangate45/liberty/NangateOpenCellLibrary_typical_ecsm_nowlm.lib, Line 393848)
**ERROR: (TECHLIB-1346):	The attribute 'index_1' defined in group 'ecsm_waveform' on line 395723 is not monotonically increasing for values '0.000041' to '0.000037'. This may lead to undesirable analysis results. The attribute will be ignored. (File /eda/dk/nangate45/liberty/NangateOpenCellLibrary_typical_ecsm_nowlm.lib)
**ERROR: (TECHLIB-1256):	The ecsm_waveform group 1 is being ignored due to errors in this group. This group will be excluded for any further library checks. Refer to the previous messages issued for ecsm_waveform group 1 to find the details of the issues in this group. (File /eda/dk/nangate45/liberty/NangateOpenCellLibrary_typical_ecsm_nowlm.lib, Line 395722)
**ERROR: (TECHLIB-420):	Number of ecsm_waveforms in the 'rise_transition' table on pin ZN of cell OAI222_X2 does not match the number of transition table axis points specified in the template 'Timing_7_7'. Ignoring waveform data. (File /eda/dk/nangate45/liberty/NangateOpenCellLibrary_typical_ecsm_nowlm.lib, Line 395708)
Read 134 cells in library 'NangateOpenCellLibrary' 
*** End library_loading (cpu=0.04min, real=0.03min, mem=37.0M, fe_cpu=0.97min, fe_real=1.45min, fe_mem=754.7M) ***
#% Begin Load netlist data ... (date=10/15 23:03:33, mem=642.2M)
*** Begin netlist parsing (mem=754.7M) ***
Created 134 new cells from 1 timing libraries.
Reading netlist ...
Backslashed names will retain backslash and a trailing blank character.
Reading verilog netlist 'dlx.v'
**WARN: (IMPVL-346):	Module 'reg_N32_0' is instantiated in the netlist, but is not defined in the LEF files.  Since there is no real cell definition for such a cell, it will be treated as an empty module.
Type 'man IMPVL-346' for more detail.
**WARN: (IMPVL-346):	Module 'reg_N32_14' is instantiated in the netlist, but is not defined in the LEF files.  Since there is no real cell definition for such a cell, it will be treated as an empty module.
Type 'man IMPVL-346' for more detail.
**WARN: (IMPVL-346):	Module 'reg_N32_13' is instantiated in the netlist, but is not defined in the LEF files.  Since there is no real cell definition for such a cell, it will be treated as an empty module.
Type 'man IMPVL-346' for more detail.
**WARN: (IMPVL-346):	Module 'reg_N32_12' is instantiated in the netlist, but is not defined in the LEF files.  Since there is no real cell definition for such a cell, it will be treated as an empty module.
Type 'man IMPVL-346' for more detail.
**WARN: (IMPVL-346):	Module 'reg_N32_11' is instantiated in the netlist, but is not defined in the LEF files.  Since there is no real cell definition for such a cell, it will be treated as an empty module.
Type 'man IMPVL-346' for more detail.
**WARN: (IMPVL-346):	Module 'reg_N32_10' is instantiated in the netlist, but is not defined in the LEF files.  Since there is no real cell definition for such a cell, it will be treated as an empty module.
Type 'man IMPVL-346' for more detail.
**WARN: (IMPVL-346):	Module 'mux21_NBIT32_0' is instantiated in the netlist, but is not defined in the LEF files.  Since there is no real cell definition for such a cell, it will be treated as an empty module.
Type 'man IMPVL-346' for more detail.
**WARN: (IMPVL-346):	Module 'reg_N32_9' is instantiated in the netlist, but is not defined in the LEF files.  Since there is no real cell definition for such a cell, it will be treated as an empty module.
Type 'man IMPVL-346' for more detail.
**WARN: (IMPVL-346):	Module 'mux21_NBIT32_7' is instantiated in the netlist, but is not defined in the LEF files.  Since there is no real cell definition for such a cell, it will be treated as an empty module.
Type 'man IMPVL-346' for more detail.
**WARN: (IMPVL-346):	Module 'reg_N32_8' is instantiated in the netlist, but is not defined in the LEF files.  Since there is no real cell definition for such a cell, it will be treated as an empty module.
Type 'man IMPVL-346' for more detail.
**WARN: (IMPVL-346):	Module 'mux21_NBIT32_6' is instantiated in the netlist, but is not defined in the LEF files.  Since there is no real cell definition for such a cell, it will be treated as an empty module.
Type 'man IMPVL-346' for more detail.
**WARN: (IMPVL-346):	Module 'mux21_NBIT32_5' is instantiated in the netlist, but is not defined in the LEF files.  Since there is no real cell definition for such a cell, it will be treated as an empty module.
Type 'man IMPVL-346' for more detail.
**WARN: (IMPVL-346):	Module 'mux21_NBIT32_4' is instantiated in the netlist, but is not defined in the LEF files.  Since there is no real cell definition for such a cell, it will be treated as an empty module.
Type 'man IMPVL-346' for more detail.
**WARN: (IMPVL-346):	Module 'reg_N32_7' is instantiated in the netlist, but is not defined in the LEF files.  Since there is no real cell definition for such a cell, it will be treated as an empty module.
Type 'man IMPVL-346' for more detail.
**WARN: (IMPVL-346):	Module 'reg_N32_6' is instantiated in the netlist, but is not defined in the LEF files.  Since there is no real cell definition for such a cell, it will be treated as an empty module.
Type 'man IMPVL-346' for more detail.
**WARN: (IMPVL-346):	Module 'reg_N32_5' is instantiated in the netlist, but is not defined in the LEF files.  Since there is no real cell definition for such a cell, it will be treated as an empty module.
Type 'man IMPVL-346' for more detail.
**WARN: (IMPVL-346):	Module 'reg_N32_4' is instantiated in the netlist, but is not defined in the LEF files.  Since there is no real cell definition for such a cell, it will be treated as an empty module.
Type 'man IMPVL-346' for more detail.
**WARN: (IMPVL-346):	Module 'reg_N32_3' is instantiated in the netlist, but is not defined in the LEF files.  Since there is no real cell definition for such a cell, it will be treated as an empty module.
Type 'man IMPVL-346' for more detail.
**WARN: (IMPVL-346):	Module 'reg_N32_2' is instantiated in the netlist, but is not defined in the LEF files.  Since there is no real cell definition for such a cell, it will be treated as an empty module.
Type 'man IMPVL-346' for more detail.
**WARN: (IMPVL-346):	Module 'reg_N32_1' is instantiated in the netlist, but is not defined in the LEF files.  Since there is no real cell definition for such a cell, it will be treated as an empty module.
Type 'man IMPVL-346' for more detail.
**WARN: (EMS-27):	Message (IMPVL-346) has exceeded the current message display limit of 20.
To increase the message display limit, refer to the product command reference manual.

*** Memory Usage v#2 (Current mem = 758.676M, initial mem = 272.285M) ***
*** End netlist parsing (cpu=0:00:00.1, real=0:00:00.0, mem=758.7M) ***
#% End Load netlist data ... (date=10/15 23:03:33, total cpu=0:00:00.2, real=0:00:00.0, peak res=649.7M, current mem=649.7M)
Top level cell is DLX.
Hooked 134 DB cells to tlib cells.
**WARN: (IMPDB-2504):	Cell 'reg_N32_0' is instantiated in the Verilog netlist, but it is not defined in the library or design data.  Its pin directions may be derived incorrectly.  Provide the cell definition or its pin information in the library or design data and reload the design to avoid potential issues.
Type 'man IMPDB-2504' for more detail.
**WARN: (IMPDB-2504):	Cell 'mux21_NBIT32_1' is instantiated in the Verilog netlist, but it is not defined in the library or design data.  Its pin directions may be derived incorrectly.  Provide the cell definition or its pin information in the library or design data and reload the design to avoid potential issues.
Type 'man IMPDB-2504' for more detail.
**WARN: (IMPDB-2504):	Cell 'mux21_NBIT32_2' is instantiated in the Verilog netlist, but it is not defined in the library or design data.  Its pin directions may be derived incorrectly.  Provide the cell definition or its pin information in the library or design data and reload the design to avoid potential issues.
Type 'man IMPDB-2504' for more detail.
**WARN: (IMPDB-2504):	Cell 'mux21_NBIT32_3' is instantiated in the Verilog netlist, but it is not defined in the library or design data.  Its pin directions may be derived incorrectly.  Provide the cell definition or its pin information in the library or design data and reload the design to avoid potential issues.
Type 'man IMPDB-2504' for more detail.
**WARN: (IMPDB-2504):	Cell 'reg_N32_1' is instantiated in the Verilog netlist, but it is not defined in the library or design data.  Its pin directions may be derived incorrectly.  Provide the cell definition or its pin information in the library or design data and reload the design to avoid potential issues.
Type 'man IMPDB-2504' for more detail.
**WARN: (IMPDB-2504):	Cell 'reg_N32_2' is instantiated in the Verilog netlist, but it is not defined in the library or design data.  Its pin directions may be derived incorrectly.  Provide the cell definition or its pin information in the library or design data and reload the design to avoid potential issues.
Type 'man IMPDB-2504' for more detail.
**WARN: (IMPDB-2504):	Cell 'reg_N32_3' is instantiated in the Verilog netlist, but it is not defined in the library or design data.  Its pin directions may be derived incorrectly.  Provide the cell definition or its pin information in the library or design data and reload the design to avoid potential issues.
Type 'man IMPDB-2504' for more detail.
**WARN: (IMPDB-2504):	Cell 'reg_N32_4' is instantiated in the Verilog netlist, but it is not defined in the library or design data.  Its pin directions may be derived incorrectly.  Provide the cell definition or its pin information in the library or design data and reload the design to avoid potential issues.
Type 'man IMPDB-2504' for more detail.
**WARN: (IMPDB-2504):	Cell 'reg_N32_5' is instantiated in the Verilog netlist, but it is not defined in the library or design data.  Its pin directions may be derived incorrectly.  Provide the cell definition or its pin information in the library or design data and reload the design to avoid potential issues.
Type 'man IMPDB-2504' for more detail.
**WARN: (IMPDB-2504):	Cell 'reg_N32_6' is instantiated in the Verilog netlist, but it is not defined in the library or design data.  Its pin directions may be derived incorrectly.  Provide the cell definition or its pin information in the library or design data and reload the design to avoid potential issues.
Type 'man IMPDB-2504' for more detail.
**WARN: (IMPDB-2504):	Cell 'reg_N32_7' is instantiated in the Verilog netlist, but it is not defined in the library or design data.  Its pin directions may be derived incorrectly.  Provide the cell definition or its pin information in the library or design data and reload the design to avoid potential issues.
Type 'man IMPDB-2504' for more detail.
**WARN: (IMPDB-2504):	Cell 'mux21_NBIT32_4' is instantiated in the Verilog netlist, but it is not defined in the library or design data.  Its pin directions may be derived incorrectly.  Provide the cell definition or its pin information in the library or design data and reload the design to avoid potential issues.
Type 'man IMPDB-2504' for more detail.
**WARN: (IMPDB-2504):	Cell 'mux21_NBIT32_5' is instantiated in the Verilog netlist, but it is not defined in the library or design data.  Its pin directions may be derived incorrectly.  Provide the cell definition or its pin information in the library or design data and reload the design to avoid potential issues.
Type 'man IMPDB-2504' for more detail.
**WARN: (IMPDB-2504):	Cell 'mux21_NBIT32_6' is instantiated in the Verilog netlist, but it is not defined in the library or design data.  Its pin directions may be derived incorrectly.  Provide the cell definition or its pin information in the library or design data and reload the design to avoid potential issues.
Type 'man IMPDB-2504' for more detail.
**WARN: (IMPDB-2504):	Cell 'reg_N32_8' is instantiated in the Verilog netlist, but it is not defined in the library or design data.  Its pin directions may be derived incorrectly.  Provide the cell definition or its pin information in the library or design data and reload the design to avoid potential issues.
Type 'man IMPDB-2504' for more detail.
**WARN: (IMPDB-2504):	Cell 'mux21_NBIT32_7' is instantiated in the Verilog netlist, but it is not defined in the library or design data.  Its pin directions may be derived incorrectly.  Provide the cell definition or its pin information in the library or design data and reload the design to avoid potential issues.
Type 'man IMPDB-2504' for more detail.
**WARN: (IMPDB-2504):	Cell 'reg_N32_9' is instantiated in the Verilog netlist, but it is not defined in the library or design data.  Its pin directions may be derived incorrectly.  Provide the cell definition or its pin information in the library or design data and reload the design to avoid potential issues.
Type 'man IMPDB-2504' for more detail.
**WARN: (IMPDB-2504):	Cell 'mux21_NBIT32_0' is instantiated in the Verilog netlist, but it is not defined in the library or design data.  Its pin directions may be derived incorrectly.  Provide the cell definition or its pin information in the library or design data and reload the design to avoid potential issues.
Type 'man IMPDB-2504' for more detail.
**WARN: (IMPDB-2504):	Cell 'reg_N32_10' is instantiated in the Verilog netlist, but it is not defined in the library or design data.  Its pin directions may be derived incorrectly.  Provide the cell definition or its pin information in the library or design data and reload the design to avoid potential issues.
Type 'man IMPDB-2504' for more detail.
**WARN: (IMPDB-2504):	Cell 'reg_N32_11' is instantiated in the Verilog netlist, but it is not defined in the library or design data.  Its pin directions may be derived incorrectly.  Provide the cell definition or its pin information in the library or design data and reload the design to avoid potential issues.
Type 'man IMPDB-2504' for more detail.
**WARN: (EMS-27):	Message (IMPDB-2504) has exceeded the current message display limit of 20.
To increase the message display limit, refer to the product command reference manual.
23 empty module found.
Starting recursive module instantiation check.
No recursion found.
Term dir updated for 0 vinsts of 23 cells.
Building hierarchical netlist for Cell DLX ...
*** Netlist is unique.
** info: there are 182 modules.
** info: there are 6772 stdCell insts.

*** Memory Usage v#2 (Current mem = 803.102M, initial mem = 272.285M) ***
Generated pitch 1.68 in metal10 is different from 1.6 defined in technology file in preferred direction.
Generated pitch 0.84 in metal8 is different from 0.8 defined in technology file in preferred direction.
Generated pitch 0.84 in metal7 is different from 0.8 defined in technology file in preferred direction.
Set Default Net Delay as 1000 ps.
Set Default Net Load as 0.5 pF. 
Set Default Input Pin Transition as 0.1 ps.
Extraction setup Started 
Initializing multi-corner RC extraction with 1 active RC Corners ...
Reading Capacitance Table File /eda/dk/nangate45/lef/captables/NCSU_FreePDK_45nm.capTbl ...
Cap table was created using Encounter 08.10-p004_1.
Process name: master_techFreePDK45.
Importing multi-corner RC tables ... 
Summary of Active RC-Corners : 
 
 Analysis View: default
    RC-Corner Name        : standard
    RC-Corner Index       : 0
    RC-Corner Temperature : 300 Celsius
    RC-Corner Cap Table   : '/eda/dk/nangate45/lef/captables/NCSU_FreePDK_45nm.capTbl'
    RC-Corner PreRoute Res Factor         : 1
    RC-Corner PreRoute Cap Factor         : 1
    RC-Corner PostRoute Res Factor        : 1 {1 1 1}
    RC-Corner PostRoute Cap Factor        : 1 {1 1 1}
    RC-Corner PostRoute XCap Factor       : 1 {1 1 1}
    RC-Corner PreRoute Clock Res Factor   : 1	[Derived from postRoute_res (effortLevel low)]
    RC-Corner PreRoute Clock Cap Factor   : 1	[Derived from postRoute_cap (effortLevel low)]
    RC-Corner PostRoute Clock Cap Factor  : 1 {1 1 1} 	[Derived from postRoute_cap (effortLevel low)]
    RC-Corner PostRoute Clock Res Factor  : 1 {1 1 1} 	[Derived from postRoute_res (effortLevel low)]
Updating RC grid for preRoute extraction ...
Initializing multi-corner capacitance tables ... 
Initializing multi-corner resistance tables ...
*Info: initialize multi-corner CTS.
Reading timing constraints file 'DLX.sdc' ...
Current (total cpu=0:01:00, real=0:01:29, peak res=880.7M, current mem=880.6M)
**WARN: (TCLCMD-1461):	Skipped unsupported command: set_units (File DLX.sdc, Line 8).

INFO (CTE): Reading of timing constraints file DLX.sdc completed, with 1 WARNING
Ending "Constraint file reading stats" (total cpu=0:00:00.2, real=0:00:00.0, peak res=912.7M, current mem=912.7M)
Current (total cpu=0:01:01, real=0:01:30, peak res=912.7M, current mem=912.7M)
Total number of combinational cells: 99
Total number of sequential cells: 29
Total number of tristate cells: 6
Total number of level shifter cells: 0
Total number of power gating cells: 0
Total number of isolation cells: 0
Total number of power switch cells: 0
Total number of pulse generator cells: 0
Total number of always on buffers: 0
Total number of retention cells: 0
List of usable buffers: BUF_X1 BUF_X2 BUF_X4 BUF_X8 BUF_X16 BUF_X32 CLKBUF_X1 CLKBUF_X2 CLKBUF_X3
Total number of usable buffers: 9
List of unusable buffers:
Total number of unusable buffers: 0
List of usable inverters: INV_X1 INV_X2 INV_X4 INV_X8 INV_X16 INV_X32
Total number of usable inverters: 6
List of unusable inverters:
Total number of unusable inverters: 0
List of identified usable delay cells:
Total number of identified usable delay cells: 0
List of identified unusable delay cells:
Total number of identified unusable delay cells: 0
No delay cells were detected in the set of buffers. Buffers will be used to fix hold violations.

*** Summary of all messages that are not suppressed in this session:
Severity  ID               Count  Summary                                  
WARNING   IMPVL-346           23  Module '%s' is instantiated in the netli...
WARNING   IMPDB-2504          23  Cell '%s' is instantiated in the Verilog...
WARNING   TCLCMD-1461          1  Skipped unsupported command: %s          
ERROR     TECHLIB-420          2  Number of ecsm_waveforms in the '%s' tab...
ERROR     TECHLIB-1256         2  The %s is being ignored due to errors in...
ERROR     TECHLIB-1346         2  The attribute '%s' defined in group '%s'...
*** Message Summary: 47 warning(s), 6 error(s)


--------------------------------------------------------------------------------
Exiting Innovus on Tue Oct 15 23:04:21 2024
  Total CPU time:     0:01:18
  Total real time:    0:02:17
  Peak memory (main): 949.35MB


*** Memory Usage v#2 (Current mem = 1089.094M, initial mem = 272.285M) ***
*** Message Summary: 47 warning(s), 6 error(s)

--- Ending "Innovus" (totcpu=0:01:17, real=0:02:15, mem=1089.1M) ---
